javaapkcomComAssistant/build/intermediates/manifest_merge_blame_file/debug/manifest-merger-blame-debug-report.txt
1<?xml version="1.0" encoding="utf-8"?>
2<manifest xmlns:android="http://schemas.android.com/apk/res/android"
3    package="com.bjw.ComAssistant"
4    android:versionCode="1"
5    android:versionName="1.0" >
6
7    <uses-sdk
8        android:minSdkVersion="10"
8-->src\main\AndroidManifest.xml
9        android:targetSdkVersion="26" />
9-->src\main\AndroidManifest.xml
10
11    <application
11-->src\main\AndroidManifest.xml:7:5-20:19
12        android:debuggable="true"
13        android:icon="@drawable/ic_launcher"
13-->src\main\AndroidManifest.xml:8:9-45
14        android:label="@string/app_name" >
14-->src\main\AndroidManifest.xml:9:9-41
15        <activity
15-->src\main\AndroidManifest.xml:10:9-19:20
16            android:name="com.bjw.ComAssistant.ComAssistantActivity"
16-->src\main\AndroidManifest.xml:12:13-49
17            android:configChanges="orientation|keyboard"
17-->src\main\AndroidManifest.xml:13:13-57
18            android:label="@string/app_name" >
18-->src\main\AndroidManifest.xml:11:13-45
19            <intent-filter>
19-->src\main\AndroidManifest.xml:14:13-18:29
20                <action android:name="android.intent.action.MAIN" />
20-->src\main\AndroidManifest.xml:15:17-69
20-->src\main\AndroidManifest.xml:15:25-66
21
22                <category android:name="android.intent.category.LAUNCHER" />
22-->src\main\AndroidManifest.xml:17:17-77
22-->src\main\AndroidManifest.xml:17:27-74
23            </intent-filter>
24        </activity>
25    </application>
26
27</manifest>